/home/fangzheng/miniconda3/envs/zl_nnunetv1/lib/python3.9/site-packages/torch/utils/cpp_extension.py:25: UserWarning: pkg_resources is deprecated as an API. See https://setuptools.pypa.io/en/latest/pkg_resources.html. The pkg_resources package is slated for removal as early as 2025-11-30. Refrain from using this package or pin to Setuptools<81.
  from pkg_resources import packaging  # type: ignore[attr-defined]
Processing 3 cases
Case ESO_TJ_1010018171
Saved paper_figs_center64/center64_ESO_TJ_1010018171_f0_band1_center64_comp_slice.png paper_figs_center64/center64_ESO_TJ_1010018171_f0_band1_center64_comp_3d.png
Saved paper_figs_center64/center64_ESO_TJ_1010018171_f0_band2_center64_comp_slice.png paper_figs_center64/center64_ESO_TJ_1010018171_f0_band2_center64_comp_3d.png
Saved paper_figs_center64/center64_ESO_TJ_1010018171_f0_band3_center64_comp_slice.png paper_figs_center64/center64_ESO_TJ_1010018171_f0_band3_center64_comp_3d.png
Saved paper_figs_center64/center64_ESO_TJ_1010018171_f1_band1_center64_comp_slice.png paper_figs_center64/center64_ESO_TJ_1010018171_f1_band1_center64_comp_3d.png
Saved paper_figs_center64/center64_ESO_TJ_1010018171_f1_band2_center64_comp_slice.png paper_figs_center64/center64_ESO_TJ_1010018171_f1_band2_center64_comp_3d.png
Saved paper_figs_center64/center64_ESO_TJ_1010018171_f1_band3_center64_comp_slice.png paper_figs_center64/center64_ESO_TJ_1010018171_f1_band3_center64_comp_3d.png
Case ESO_TJ_1010214968
Saved paper_figs_center64/center64_ESO_TJ_1010214968_f0_band1_center64_comp_slice.png paper_figs_center64/center64_ESO_TJ_1010214968_f0_band1_center64_comp_3d.png
Saved paper_figs_center64/center64_ESO_TJ_1010214968_f0_band2_center64_comp_slice.png paper_figs_center64/center64_ESO_TJ_1010214968_f0_band2_center64_comp_3d.png
Saved paper_figs_center64/center64_ESO_TJ_1010214968_f0_band3_center64_comp_slice.png paper_figs_center64/center64_ESO_TJ_1010214968_f0_band3_center64_comp_3d.png
Saved paper_figs_center64/center64_ESO_TJ_1010214968_f1_band1_center64_comp_slice.png paper_figs_center64/center64_ESO_TJ_1010214968_f1_band1_center64_comp_3d.png
Saved paper_figs_center64/center64_ESO_TJ_1010214968_f1_band2_center64_comp_slice.png paper_figs_center64/center64_ESO_TJ_1010214968_f1_band2_center64_comp_3d.png
Saved paper_figs_center64/center64_ESO_TJ_1010214968_f1_band3_center64_comp_slice.png paper_figs_center64/center64_ESO_TJ_1010214968_f1_band3_center64_comp_3d.png
Case ESO_TJ_2002759833
Saved paper_figs_center64/center64_ESO_TJ_2002759833_f0_band1_center64_comp_slice.png paper_figs_center64/center64_ESO_TJ_2002759833_f0_band1_center64_comp_3d.png
Saved paper_figs_center64/center64_ESO_TJ_2002759833_f0_band2_center64_comp_slice.png paper_figs_center64/center64_ESO_TJ_2002759833_f0_band2_center64_comp_3d.png
Saved paper_figs_center64/center64_ESO_TJ_2002759833_f0_band3_center64_comp_slice.png paper_figs_center64/center64_ESO_TJ_2002759833_f0_band3_center64_comp_3d.png
Saved paper_figs_center64/center64_ESO_TJ_2002759833_f1_band1_center64_comp_slice.png paper_figs_center64/center64_ESO_TJ_2002759833_f1_band1_center64_comp_3d.png
Saved paper_figs_center64/center64_ESO_TJ_2002759833_f1_band2_center64_comp_slice.png paper_figs_center64/center64_ESO_TJ_2002759833_f1_band2_center64_comp_3d.png
Saved paper_figs_center64/center64_ESO_TJ_2002759833_f1_band3_center64_comp_slice.png paper_figs_center64/center64_ESO_TJ_2002759833_f1_band3_center64_comp_3d.png
