/home/fangzheng/miniconda3/envs/zl_nnunetv1/lib/python3.9/site-packages/torch/utils/cpp_extension.py:25: UserWarning: pkg_resources is deprecated as an API. See https://setuptools.pypa.io/en/latest/pkg_resources.html. The pkg_resources package is slated for removal as early as 2025-11-30. Refrain from using this package or pin to Setuptools<81.
  from pkg_resources import packaging  # type: ignore[attr-defined]
Using /home/fangzheng/.cache/torch_extensions/py39_cu113 as PyTorch extensions root...
Detected CUDA files, patching ldflags
Emitting ninja build file /home/fangzheng/.cache/torch_extensions/py39_cu113/wkv/build.ninja...
Building extension module wkv...
Allowing ninja to set a default number of workers... (overridable by setting the environment variable MAX_JOBS=N)
ninja: no work to do.
Loading extension module wkv...
Loaded vol (2, 128, 128, 128)
Iter 0 loss 0.7435898184776306
Iter 1 loss 0.7454688549041748
Iter 2 loss 0.743872880935669
Iter 3 loss 0.7430446147918701
Iter 4 loss 0.7433364391326904
Saved checkpoint to tools/fd_model_ckpt_learnable.pth
/home/fangzheng/miniconda3/envs/zl_nnunetv1/lib/python3.9/site-packages/torch/utils/cpp_extension.py:25: UserWarning: pkg_resources is deprecated as an API. See https://setuptools.pypa.io/en/latest/pkg_resources.html. The pkg_resources package is slated for removal as early as 2025-11-30. Refrain from using this package or pin to Setuptools<81.
  from pkg_resources import packaging  # type: ignore[attr-defined]
Using /home/fangzheng/.cache/torch_extensions/py39_cu113 as PyTorch extensions root...
Detected CUDA files, patching ldflags
Emitting ninja build file /home/fangzheng/.cache/torch_extensions/py39_cu113/wkv/build.ninja...
Building extension module wkv...
Allowing ninja to set a default number of workers... (overridable by setting the environment variable MAX_JOBS=N)
ninja: no work to do.
Loading extension module wkv...
Loaded vol (2, 128, 128, 128)
Loading checkpoint tools/fd_model_ckpt_learnable.pth
Traceback (most recent call last):
  File "/home/fangzheng/zoule/mednext/tools/analyze_trained_model.py", line 151, in <module>
    main()
  File "/home/fangzheng/zoule/mednext/tools/analyze_trained_model.py", line 62, in main
    model.load_state_dict(st)
  File "/home/fangzheng/miniconda3/envs/zl_nnunetv1/lib/python3.9/site-packages/torch/nn/modules/module.py", line 1604, in load_state_dict
    raise RuntimeError('Error(s) in loading state_dict for {}:\n\t{}'.format(
RuntimeError: Error(s) in loading state_dict for Double_RWKV_MedNeXt:
	Unexpected key(s) in state_dict: "encoder.fbm0.band_radius_logits", "encoder.fbm1.band_radius_logits". 
